<?xml version="1.0" encoding="UTF-8"?>
<!-- Generated by org.testng.reporters.JUnitXMLReporter -->
<testsuite hostname="LAPTOP-78JE55IV" name="Default test" tests="17" failures="0" timestamp="18 Sep 2017 00:11:26 GMT" time="1.228" errors="0">
  <testcase name="deleteEmployeeBySsn" time="0.06" classname="com.hardik.springmvc.service.EmployeeServiceImplTest"/>
  <testcase name="findAllEmployees" time="0.003" classname="com.hardik.springmvc.service.EmployeeServiceImplTest"/>
  <testcase name="findById" time="0.002" classname="com.hardik.springmvc.service.EmployeeServiceImplTest"/>
  <testcase name="findEmployeeBySsn" time="0.002" classname="com.hardik.springmvc.service.EmployeeServiceImplTest"/>
  <testcase name="isEmployeeSsnUnique" time="0.002" classname="com.hardik.springmvc.service.EmployeeServiceImplTest"/>
  <testcase name="saveEmployee" time="0.001" classname="com.hardik.springmvc.service.EmployeeServiceImplTest"/>
  <testcase name="updateEmployee" time="0.002" classname="com.hardik.springmvc.service.EmployeeServiceImplTest"/>
  <testcase name="deleteEmployee" time="0.002" classname="com.hardik.springmvc.controller.AppControllerTest"/>
  <testcase name="editEmployee" time="0.041" classname="com.hardik.springmvc.controller.AppControllerTest"/>
  <testcase name="listEmployees" time="0.003" classname="com.hardik.springmvc.controller.AppControllerTest"/>
  <testcase name="newEmployee" time="0.003" classname="com.hardik.springmvc.controller.AppControllerTest"/>
  <testcase name="saveEmployeeWithSuccess" time="0.002" classname="com.hardik.springmvc.controller.AppControllerTest"/>
  <testcase name="saveEmployeeWithValidationError" time="0.001" classname="com.hardik.springmvc.controller.AppControllerTest"/>
  <testcase name="saveEmployeeWithValidationErrorNonUniqueSSN" time="0.006" classname="com.hardik.springmvc.controller.AppControllerTest"/>
  <testcase name="updateEmployeeWithSuccess" time="0.001" classname="com.hardik.springmvc.controller.AppControllerTest"/>
  <testcase name="updateEmployeeWithValidationError" time="0.002" classname="com.hardik.springmvc.controller.AppControllerTest"/>
  <testcase name="updateEmployeeWithValidationErrorNonUniqueSSN" time="0.003" classname="com.hardik.springmvc.controller.AppControllerTest"/>
</testsuite> <!-- Default test -->
