<?xml version="1.0" encoding="UTF-8"?>
<!-- Generated by org.testng.reporters.JUnitXMLReporter -->
<testsuite hostname="LAPTOP-78JE55IV" name="Default test" tests="23" failures="0" timestamp="16 Sep 2017 20:52:34 GMT" time="1.522" errors="0">
  <testcase name="@BeforeClass springTestContextPrepareTestInstance" time="0.0" classname="com.hardik.springmvc.dao.EmployeeDaoImplTest">
    <failure type="org.springframework.beans.factory.BeanCreationException" message="Error creating bean with name &amp;apos;com.hardik.springmvc.dao.EmployeeDaoImplTest&amp;apos;: Injection of autowired dependencies failed; nested exception is org.springframework.beans.factory.BeanCreationException: Could not autowire field: com.hardik.springmvc.dao.EmployeeDao com.hardik.springmvc.dao.EmployeeDaoImplTest.employeeDao; nested exception is org.springframework.beans.factory.NoSuchBeanDefinitionException: No qualifying bean of type [com.hardik.springmvc.dao.EmployeeDao] found for dependency: expected at least 1 bean which qualifies as autowire candidate for this dependency. Dependency annotations: {@org.springframework.beans.factory.annotation.Autowired(required=true)}">
      <![CDATA[org.springframework.beans.factory.BeanCreationException: Error creating bean with name 'com.hardik.springmvc.dao.EmployeeDaoImplTest': Injection of autowired dependencies failed; nested exception is org.springframework.beans.factory.BeanCreationException: Could not autowire field: com.hardik.springmvc.dao.EmployeeDao com.hardik.springmvc.dao.EmployeeDaoImplTest.employeeDao; nested exception is org.springframework.beans.factory.NoSuchBeanDefinitionException: No qualifying bean of type [com.hardik.springmvc.dao.EmployeeDao] found for dependency: expected at least 1 bean which qualifies as autowire candidate for this dependency. Dependency annotations: {@org.springframework.beans.factory.annotation.Autowired(required=true)}
	at org.springframework.beans.factory.annotation.AutowiredAnnotationBeanPostProcessor.postProcessPropertyValues(AutowiredAnnotationBeanPostProcessor.java:292)
	at org.springframework.beans.factory.support.AbstractAutowireCapableBeanFactory.populateBean(AbstractAutowireCapableBeanFactory.java:1185)
	at org.springframework.beans.factory.support.AbstractAutowireCapableBeanFactory.autowireBeanProperties(AbstractAutowireCapableBeanFactory.java:384)
	at org.springframework.test.context.support.DependencyInjectionTestExecutionListener.injectDependencies(DependencyInjectionTestExecutionListener.java:110)
	at org.springframework.test.context.support.DependencyInjectionTestExecutionListener.prepareTestInstance(DependencyInjectionTestExecutionListener.java:75)
	at org.springframework.test.context.TestContextManager.prepareTestInstance(TestContextManager.java:331)
	at org.springframework.test.context.testng.AbstractTestNGSpringContextTests.springTestContextPrepareTestInstance(AbstractTestNGSpringContextTests.java:146)
	at sun.reflect.NativeMethodAccessorImpl.invoke0(Native Method)
	at sun.reflect.NativeMethodAccessorImpl.invoke(Unknown Source)
	at sun.reflect.DelegatingMethodAccessorImpl.invoke(Unknown Source)
	at java.lang.reflect.Method.invoke(Unknown Source)
	at org.testng.internal.MethodInvocationHelper.invokeMethod(MethodInvocationHelper.java:85)
	at org.testng.internal.Invoker.invokeConfigurationMethod(Invoker.java:517)
	at org.testng.internal.Invoker.invokeConfigurations(Invoker.java:213)
	at org.testng.internal.Invoker.invokeConfigurations(Invoker.java:140)
	at org.testng.internal.TestMethodWorker.invokeBeforeClassMethods(TestMethodWorker.java:170)
	at org.testng.internal.TestMethodWorker.run(TestMethodWorker.java:104)
	at org.testng.TestRunner.privateRun(TestRunner.java:771)
	at org.testng.TestRunner.run(TestRunner.java:621)
	at org.testng.SuiteRunner.runTest(SuiteRunner.java:357)
	at org.testng.SuiteRunner.runSequentially(SuiteRunner.java:352)
	at org.testng.SuiteRunner.privateRun(SuiteRunner.java:310)
	at org.testng.SuiteRunner.run(SuiteRunner.java:259)
	at org.testng.SuiteRunnerWorker.runSuite(SuiteRunnerWorker.java:52)
	at org.testng.SuiteRunnerWorker.run(SuiteRunnerWorker.java:86)
	at org.testng.TestNG.runSuitesSequentially(TestNG.java:1199)
	at org.testng.TestNG.runSuitesLocally(TestNG.java:1124)
	at org.testng.TestNG.run(TestNG.java:1032)
	at org.testng.remote.AbstractRemoteTestNG.run(AbstractRemoteTestNG.java:114)
	at org.testng.remote.RemoteTestNG.initAndRun(RemoteTestNG.java:251)
	at org.testng.remote.RemoteTestNG.main(RemoteTestNG.java:77)
Caused by: org.springframework.beans.factory.BeanCreationException: Could not autowire field: com.hardik.springmvc.dao.EmployeeDao com.hardik.springmvc.dao.EmployeeDaoImplTest.employeeDao; nested exception is org.springframework.beans.factory.NoSuchBeanDefinitionException: No qualifying bean of type [com.hardik.springmvc.dao.EmployeeDao] found for dependency: expected at least 1 bean which qualifies as autowire candidate for this dependency. Dependency annotations: {@org.springframework.beans.factory.annotation.Autowired(required=true)}
	at org.springframework.beans.factory.annotation.AutowiredAnnotationBeanPostProcessor$AutowiredFieldElement.inject(AutowiredAnnotationBeanPostProcessor.java:508)
	at org.springframework.beans.factory.annotation.InjectionMetadata.inject(InjectionMetadata.java:87)
	at org.springframework.beans.factory.annotation.AutowiredAnnotationBeanPostProcessor.postProcessPropertyValues(AutowiredAnnotationBeanPostProcessor.java:289)
	... 30 more
Caused by: org.springframework.beans.factory.NoSuchBeanDefinitionException: No qualifying bean of type [com.hardik.springmvc.dao.EmployeeDao] found for dependency: expected at least 1 bean which qualifies as autowire candidate for this dependency. Dependency annotations: {@org.springframework.beans.factory.annotation.Autowired(required=true)}
	at org.springframework.beans.factory.support.DefaultListableBeanFactory.raiseNoSuchBeanDefinitionException(DefaultListableBeanFactory.java:1103)
	at org.springframework.beans.factory.support.DefaultListableBeanFactory.doResolveDependency(DefaultListableBeanFactory.java:963)
	at org.springframework.beans.factory.support.DefaultListableBeanFactory.resolveDependency(DefaultListableBeanFactory.java:858)
	at org.springframework.beans.factory.annotation.AutowiredAnnotationBeanPostProcessor$AutowiredFieldElement.inject(AutowiredAnnotationBeanPostProcessor.java:480)
	... 32 more
]]>
    </failure>
  </testcase> <!-- @BeforeClass springTestContextPrepareTestInstance -->
  <testcase name="@BeforeMethod springTestContextBeforeTestMethod" time="0.0" classname="com.hardik.springmvc.dao.EmployeeDaoImplTest">
    <skipped/>
  </testcase> <!-- @BeforeMethod springTestContextBeforeTestMethod -->
  <testcase name="@BeforeMethod setUp" time="0.0" classname="com.hardik.springmvc.dao.EmployeeDaoImplTest">
    <skipped/>
  </testcase> <!-- @BeforeMethod setUp -->
  <testcase name="@BeforeMethod springTestContextBeforeTestMethod" time="0.0" classname="com.hardik.springmvc.dao.EmployeeDaoImplTest">
    <skipped/>
  </testcase> <!-- @BeforeMethod springTestContextBeforeTestMethod -->
  <testcase name="@BeforeMethod setUp" time="0.0" classname="com.hardik.springmvc.dao.EmployeeDaoImplTest">
    <skipped/>
  </testcase> <!-- @BeforeMethod setUp -->
  <testcase name="@BeforeMethod springTestContextBeforeTestMethod" time="0.0" classname="com.hardik.springmvc.dao.EmployeeDaoImplTest">
    <skipped/>
  </testcase> <!-- @BeforeMethod springTestContextBeforeTestMethod -->
  <testcase name="@BeforeMethod setUp" time="0.0" classname="com.hardik.springmvc.dao.EmployeeDaoImplTest">
    <skipped/>
  </testcase> <!-- @BeforeMethod setUp -->
  <testcase name="@BeforeMethod springTestContextBeforeTestMethod" time="0.0" classname="com.hardik.springmvc.dao.EmployeeDaoImplTest">
    <skipped/>
  </testcase> <!-- @BeforeMethod springTestContextBeforeTestMethod -->
  <testcase name="@BeforeMethod setUp" time="0.0" classname="com.hardik.springmvc.dao.EmployeeDaoImplTest">
    <skipped/>
  </testcase> <!-- @BeforeMethod setUp -->
  <testcase name="@BeforeMethod springTestContextBeforeTestMethod" time="0.0" classname="com.hardik.springmvc.dao.EmployeeDaoImplTest">
    <skipped/>
  </testcase> <!-- @BeforeMethod springTestContextBeforeTestMethod -->
  <testcase name="@BeforeMethod setUp" time="0.0" classname="com.hardik.springmvc.dao.EmployeeDaoImplTest">
    <skipped/>
  </testcase> <!-- @BeforeMethod setUp -->
  <testcase name="@BeforeMethod springTestContextBeforeTestMethod" time="0.0" classname="com.hardik.springmvc.dao.EmployeeDaoImplTest">
    <skipped/>
  </testcase> <!-- @BeforeMethod springTestContextBeforeTestMethod -->
  <testcase name="@BeforeMethod setUp" time="0.0" classname="com.hardik.springmvc.dao.EmployeeDaoImplTest">
    <skipped/>
  </testcase> <!-- @BeforeMethod setUp -->
  <testcase name="deleteEmployeeByInvalidSsn" time="0.001" classname="com.hardik.springmvc.dao.EmployeeDaoImplTest">
    <skipped/>
  </testcase> <!-- deleteEmployeeByInvalidSsn -->
  <testcase name="deleteEmployeeBySsn" time="0.002" classname="com.hardik.springmvc.dao.EmployeeDaoImplTest">
    <skipped/>
  </testcase> <!-- deleteEmployeeBySsn -->
  <testcase name="findAllEmployees" time="0.006" classname="com.hardik.springmvc.dao.EmployeeDaoImplTest">
    <skipped/>
  </testcase> <!-- findAllEmployees -->
  <testcase name="findById" time="0.001" classname="com.hardik.springmvc.dao.EmployeeDaoImplTest">
    <skipped/>
  </testcase> <!-- findById -->
  <testcase name="findEmployeeBySsn" time="0.001" classname="com.hardik.springmvc.dao.EmployeeDaoImplTest">
    <skipped/>
  </testcase> <!-- findEmployeeBySsn -->
  <testcase name="saveEmployee" time="0.001" classname="com.hardik.springmvc.dao.EmployeeDaoImplTest">
    <skipped/>
  </testcase> <!-- saveEmployee -->
  <testcase name="deleteEmployee" time="0.009" classname="com.hardik.springmvc.controller.AppControllerTest"/>
  <testcase name="editEmployee" time="0.019" classname="com.hardik.springmvc.controller.AppControllerTest"/>
  <testcase name="listEmployees" time="0.012" classname="com.hardik.springmvc.controller.AppControllerTest"/>
  <testcase name="newEmployee" time="0.002" classname="com.hardik.springmvc.controller.AppControllerTest"/>
  <testcase name="saveEmployeeWithSuccess" time="0.002" classname="com.hardik.springmvc.controller.AppControllerTest"/>
  <testcase name="saveEmployeeWithValidationError" time="0.002" classname="com.hardik.springmvc.controller.AppControllerTest"/>
  <testcase name="saveEmployeeWithValidationErrorNonUniqueSSN" time="0.002" classname="com.hardik.springmvc.controller.AppControllerTest"/>
  <testcase name="updateEmployeeWithSuccess" time="0.003" classname="com.hardik.springmvc.controller.AppControllerTest"/>
  <testcase name="updateEmployeeWithValidationError" time="0.003" classname="com.hardik.springmvc.controller.AppControllerTest"/>
  <testcase name="updateEmployeeWithValidationErrorNonUniqueSSN" time="0.001" classname="com.hardik.springmvc.controller.AppControllerTest"/>
  <testcase name="deleteEmployeeBySsn" time="0.001" classname="com.hardik.springmvc.service.EmployeeServiceImplTest"/>
  <testcase name="findAllEmployees" time="0.003" classname="com.hardik.springmvc.service.EmployeeServiceImplTest"/>
  <testcase name="findById" time="0.001" classname="com.hardik.springmvc.service.EmployeeServiceImplTest"/>
  <testcase name="findEmployeeBySsn" time="0.001" classname="com.hardik.springmvc.service.EmployeeServiceImplTest"/>
  <testcase name="isEmployeeSsnUnique" time="0.023" classname="com.hardik.springmvc.service.EmployeeServiceImplTest"/>
  <testcase name="saveEmployee" time="0.002" classname="com.hardik.springmvc.service.EmployeeServiceImplTest"/>
  <testcase name="updateEmployee" time="0.002" classname="com.hardik.springmvc.service.EmployeeServiceImplTest"/>
</testsuite> <!-- Default test -->
