<?xml version="1.0" encoding="UTF-8"?>
<testng-results skipped="0" failed="0" total="17" passed="17">
  <reporter-output>
  </reporter-output>
  <suite name="Default suite" duration-ms="1228" started-at="2017-09-18T00:11:25Z" finished-at="2017-09-18T00:11:26Z">
    <groups>
    </groups>
    <test name="Default test" duration-ms="1228" started-at="2017-09-18T00:11:25Z" finished-at="2017-09-18T00:11:26Z">
      <class name="com.hardik.springmvc.controller.AppControllerTest">
        <test-method status="PASS" signature="setUp()[pri:0, instance:com.hardik.springmvc.controller.AppControllerTest@29ca901e]" name="setUp" is-config="true" duration-ms="91" started-at="2017-09-17T20:11:26Z" finished-at="2017-09-17T20:11:26Z">
          <reporter-output>
          </reporter-output>
        </test-method> <!-- setUp -->
        <test-method status="PASS" signature="deleteEmployee()[pri:0, instance:com.hardik.springmvc.controller.AppControllerTest@29ca901e]" name="deleteEmployee" duration-ms="2" started-at="2017-09-17T20:11:26Z" finished-at="2017-09-17T20:11:26Z">
          <reporter-output>
          </reporter-output>
        </test-method> <!-- deleteEmployee -->
        <test-method status="PASS" signature="editEmployee()[pri:0, instance:com.hardik.springmvc.controller.AppControllerTest@29ca901e]" name="editEmployee" duration-ms="41" started-at="2017-09-17T20:11:26Z" finished-at="2017-09-17T20:11:26Z">
          <reporter-output>
          </reporter-output>
        </test-method> <!-- editEmployee -->
        <test-method status="PASS" signature="listEmployees()[pri:0, instance:com.hardik.springmvc.controller.AppControllerTest@29ca901e]" name="listEmployees" duration-ms="3" started-at="2017-09-17T20:11:26Z" finished-at="2017-09-17T20:11:26Z">
          <reporter-output>
          </reporter-output>
        </test-method> <!-- listEmployees -->
        <test-method status="PASS" signature="newEmployee()[pri:0, instance:com.hardik.springmvc.controller.AppControllerTest@29ca901e]" name="newEmployee" duration-ms="3" started-at="2017-09-17T20:11:26Z" finished-at="2017-09-17T20:11:26Z">
          <reporter-output>
          </reporter-output>
        </test-method> <!-- newEmployee -->
        <test-method status="PASS" signature="saveEmployeeWithSuccess()[pri:0, instance:com.hardik.springmvc.controller.AppControllerTest@29ca901e]" name="saveEmployeeWithSuccess" duration-ms="2" started-at="2017-09-17T20:11:26Z" finished-at="2017-09-17T20:11:26Z">
          <reporter-output>
          </reporter-output>
        </test-method> <!-- saveEmployeeWithSuccess -->
        <test-method status="PASS" signature="saveEmployeeWithValidationError()[pri:0, instance:com.hardik.springmvc.controller.AppControllerTest@29ca901e]" name="saveEmployeeWithValidationError" duration-ms="1" started-at="2017-09-17T20:11:26Z" finished-at="2017-09-17T20:11:26Z">
          <reporter-output>
          </reporter-output>
        </test-method> <!-- saveEmployeeWithValidationError -->
        <test-method status="PASS" signature="saveEmployeeWithValidationErrorNonUniqueSSN()[pri:0, instance:com.hardik.springmvc.controller.AppControllerTest@29ca901e]" name="saveEmployeeWithValidationErrorNonUniqueSSN" duration-ms="6" started-at="2017-09-17T20:11:26Z" finished-at="2017-09-17T20:11:26Z">
          <reporter-output>
          </reporter-output>
        </test-method> <!-- saveEmployeeWithValidationErrorNonUniqueSSN -->
        <test-method status="PASS" signature="updateEmployeeWithSuccess()[pri:0, instance:com.hardik.springmvc.controller.AppControllerTest@29ca901e]" name="updateEmployeeWithSuccess" duration-ms="1" started-at="2017-09-17T20:11:26Z" finished-at="2017-09-17T20:11:26Z">
          <reporter-output>
          </reporter-output>
        </test-method> <!-- updateEmployeeWithSuccess -->
        <test-method status="PASS" signature="updateEmployeeWithValidationError()[pri:0, instance:com.hardik.springmvc.controller.AppControllerTest@29ca901e]" name="updateEmployeeWithValidationError" duration-ms="2" started-at="2017-09-17T20:11:26Z" finished-at="2017-09-17T20:11:26Z">
          <reporter-output>
          </reporter-output>
        </test-method> <!-- updateEmployeeWithValidationError -->
        <test-method status="PASS" signature="updateEmployeeWithValidationErrorNonUniqueSSN()[pri:0, instance:com.hardik.springmvc.controller.AppControllerTest@29ca901e]" name="updateEmployeeWithValidationErrorNonUniqueSSN" duration-ms="3" started-at="2017-09-17T20:11:26Z" finished-at="2017-09-17T20:11:26Z">
          <reporter-output>
          </reporter-output>
        </test-method> <!-- updateEmployeeWithValidationErrorNonUniqueSSN -->
      </class> <!-- com.hardik.springmvc.controller.AppControllerTest -->
      <class name="com.hardik.springmvc.service.EmployeeServiceImplTest">
        <test-method status="PASS" signature="setUp()[pri:0, instance:com.hardik.springmvc.service.EmployeeServiceImplTest@6e1567f1]" name="setUp" is-config="true" duration-ms="921" started-at="2017-09-17T20:11:25Z" finished-at="2017-09-17T20:11:26Z">
          <reporter-output>
          </reporter-output>
        </test-method> <!-- setUp -->
        <test-method status="PASS" signature="deleteEmployeeBySsn()[pri:0, instance:com.hardik.springmvc.service.EmployeeServiceImplTest@6e1567f1]" name="deleteEmployeeBySsn" duration-ms="60" started-at="2017-09-17T20:11:26Z" finished-at="2017-09-17T20:11:26Z">
          <reporter-output>
          </reporter-output>
        </test-method> <!-- deleteEmployeeBySsn -->
        <test-method status="PASS" signature="findAllEmployees()[pri:0, instance:com.hardik.springmvc.service.EmployeeServiceImplTest@6e1567f1]" name="findAllEmployees" duration-ms="3" started-at="2017-09-17T20:11:26Z" finished-at="2017-09-17T20:11:26Z">
          <reporter-output>
          </reporter-output>
        </test-method> <!-- findAllEmployees -->
        <test-method status="PASS" signature="findById()[pri:0, instance:com.hardik.springmvc.service.EmployeeServiceImplTest@6e1567f1]" name="findById" duration-ms="2" started-at="2017-09-17T20:11:26Z" finished-at="2017-09-17T20:11:26Z">
          <reporter-output>
          </reporter-output>
        </test-method> <!-- findById -->
        <test-method status="PASS" signature="findEmployeeBySsn()[pri:0, instance:com.hardik.springmvc.service.EmployeeServiceImplTest@6e1567f1]" name="findEmployeeBySsn" duration-ms="2" started-at="2017-09-17T20:11:26Z" finished-at="2017-09-17T20:11:26Z">
          <reporter-output>
          </reporter-output>
        </test-method> <!-- findEmployeeBySsn -->
        <test-method status="PASS" signature="isEmployeeSsnUnique()[pri:0, instance:com.hardik.springmvc.service.EmployeeServiceImplTest@6e1567f1]" name="isEmployeeSsnUnique" duration-ms="2" started-at="2017-09-17T20:11:26Z" finished-at="2017-09-17T20:11:26Z">
          <reporter-output>
          </reporter-output>
        </test-method> <!-- isEmployeeSsnUnique -->
        <test-method status="PASS" signature="saveEmployee()[pri:0, instance:com.hardik.springmvc.service.EmployeeServiceImplTest@6e1567f1]" name="saveEmployee" duration-ms="1" started-at="2017-09-17T20:11:26Z" finished-at="2017-09-17T20:11:26Z">
          <reporter-output>
          </reporter-output>
        </test-method> <!-- saveEmployee -->
        <test-method status="PASS" signature="updateEmployee()[pri:0, instance:com.hardik.springmvc.service.EmployeeServiceImplTest@6e1567f1]" name="updateEmployee" duration-ms="2" started-at="2017-09-17T20:11:26Z" finished-at="2017-09-17T20:11:26Z">
          <reporter-output>
          </reporter-output>
        </test-method> <!-- updateEmployee -->
      </class> <!-- com.hardik.springmvc.service.EmployeeServiceImplTest -->
    </test> <!-- Default test -->
  </suite> <!-- Default suite -->
</testng-results>
